CRITICAL - 2022-02-21 23:23:24 --> The framework needs the following extension(s) installed and loaded: intl.
#0 C:\xampp\htdocs\ApiRestCodeIgniter\system\CodeIgniter.php(219): CodeIgniter\Exceptions\FrameworkException::forMissingExtension('intl')
#1 C:\xampp\htdocs\ApiRestCodeIgniter\system\CodeIgniter.php(177): CodeIgniter\CodeIgniter->resolvePlatformExtensions()
#2 C:\xampp\htdocs\ApiRestCodeIgniter\system\bootstrap.php(146): CodeIgniter\CodeIgniter->initialize()
#3 C:\xampp\htdocs\ApiRestCodeIgniter\spark(45): require('C:\\xampp\\htdocs...')
#4 {main}
CRITICAL - 2022-02-21 23:24:12 --> The framework needs the following extension(s) installed and loaded: intl.
#0 C:\xampp\htdocs\ApiRestCodeIgniter\system\CodeIgniter.php(219): CodeIgniter\Exceptions\FrameworkException::forMissingExtension('intl')
#1 C:\xampp\htdocs\ApiRestCodeIgniter\system\CodeIgniter.php(177): CodeIgniter\CodeIgniter->resolvePlatformExtensions()
#2 C:\xampp\htdocs\ApiRestCodeIgniter\system\bootstrap.php(146): CodeIgniter\CodeIgniter->initialize()
#3 C:\xampp\htdocs\ApiRestCodeIgniter\spark(45): require('C:\\xampp\\htdocs...')
#4 {main}
ERROR - 2022-02-21 17:14:59 --> Error connecting to the database: Access denied for user ''@'localhost' (using password: NO)
CRITICAL - 2022-02-21 19:28:10 --> Class "App\Controllers\API\ResourceContoller" not found
#0 C:\xampp\htdocs\ApiRestCodeIgniter\system\Autoloader\Autoloader.php(264): include_once()
#1 C:\xampp\htdocs\ApiRestCodeIgniter\system\Autoloader\Autoloader.php(241): CodeIgniter\Autoloader\Autoloader->includeFile('C:\\xampp\\htdocs...')
#2 C:\xampp\htdocs\ApiRestCodeIgniter\system\Autoloader\Autoloader.php(219): CodeIgniter\Autoloader\Autoloader->loadInNamespace('App\\Controllers...')
#3 [internal function]: CodeIgniter\Autoloader\Autoloader->loadClass('App\\Controllers...')
#4 C:\xampp\htdocs\ApiRestCodeIgniter\system\CodeIgniter.php(790): class_exists('\\App\\Controller...', true)
#5 C:\xampp\htdocs\ApiRestCodeIgniter\system\CodeIgniter.php(399): CodeIgniter\CodeIgniter->startController()
#6 C:\xampp\htdocs\ApiRestCodeIgniter\system\CodeIgniter.php(320): CodeIgniter\CodeIgniter->handleRequest(NULL, Object(Config\Cache), false)
#7 C:\xampp\htdocs\ApiRestCodeIgniter\public\index.php(37): CodeIgniter\CodeIgniter->run()
#8 C:\xampp\htdocs\ApiRestCodeIgniter\system\Commands\Server\rewrite.php(43): require_once('C:\\xampp\\htdocs...')
#9 {main}
CRITICAL - 2022-02-21 19:30:06 --> Class "App\Controllers\API\ResourceContoller" not found
#0 C:\xampp\htdocs\ApiRestCodeIgniter\system\Autoloader\Autoloader.php(264): include_once()
#1 C:\xampp\htdocs\ApiRestCodeIgniter\system\Autoloader\Autoloader.php(241): CodeIgniter\Autoloader\Autoloader->includeFile('C:\\xampp\\htdocs...')
#2 C:\xampp\htdocs\ApiRestCodeIgniter\system\Autoloader\Autoloader.php(219): CodeIgniter\Autoloader\Autoloader->loadInNamespace('App\\Controllers...')
#3 [internal function]: CodeIgniter\Autoloader\Autoloader->loadClass('App\\Controllers...')
#4 C:\xampp\htdocs\ApiRestCodeIgniter\system\CodeIgniter.php(790): class_exists('\\App\\Controller...', true)
#5 C:\xampp\htdocs\ApiRestCodeIgniter\system\CodeIgniter.php(399): CodeIgniter\CodeIgniter->startController()
#6 C:\xampp\htdocs\ApiRestCodeIgniter\system\CodeIgniter.php(320): CodeIgniter\CodeIgniter->handleRequest(NULL, Object(Config\Cache), false)
#7 C:\xampp\htdocs\ApiRestCodeIgniter\public\index.php(37): CodeIgniter\CodeIgniter->run()
#8 C:\xampp\htdocs\ApiRestCodeIgniter\system\Commands\Server\rewrite.php(43): require_once('C:\\xampp\\htdocs...')
#9 {main}
CRITICAL - 2022-02-21 19:31:00 --> Class "App\Controllers\API\ResourceContoller" not found
#0 C:\xampp\htdocs\ApiRestCodeIgniter\system\Autoloader\Autoloader.php(264): include_once()
#1 C:\xampp\htdocs\ApiRestCodeIgniter\system\Autoloader\Autoloader.php(241): CodeIgniter\Autoloader\Autoloader->includeFile('C:\\xampp\\htdocs...')
#2 C:\xampp\htdocs\ApiRestCodeIgniter\system\Autoloader\Autoloader.php(219): CodeIgniter\Autoloader\Autoloader->loadInNamespace('App\\Controllers...')
#3 [internal function]: CodeIgniter\Autoloader\Autoloader->loadClass('App\\Controllers...')
#4 C:\xampp\htdocs\ApiRestCodeIgniter\system\CodeIgniter.php(790): class_exists('\\App\\Controller...', true)
#5 C:\xampp\htdocs\ApiRestCodeIgniter\system\CodeIgniter.php(399): CodeIgniter\CodeIgniter->startController()
#6 C:\xampp\htdocs\ApiRestCodeIgniter\system\CodeIgniter.php(320): CodeIgniter\CodeIgniter->handleRequest(NULL, Object(Config\Cache), false)
#7 C:\xampp\htdocs\ApiRestCodeIgniter\public\index.php(37): CodeIgniter\CodeIgniter->run()
#8 C:\xampp\htdocs\ApiRestCodeIgniter\system\Commands\Server\rewrite.php(43): require_once('C:\\xampp\\htdocs...')
#9 {main}
CRITICAL - 2022-02-21 19:31:35 --> Class "App\Controllers\API\ResourceContoller" not found
#0 C:\xampp\htdocs\ApiRestCodeIgniter\system\Autoloader\Autoloader.php(264): include_once()
#1 C:\xampp\htdocs\ApiRestCodeIgniter\system\Autoloader\Autoloader.php(241): CodeIgniter\Autoloader\Autoloader->includeFile('C:\\xampp\\htdocs...')
#2 C:\xampp\htdocs\ApiRestCodeIgniter\system\Autoloader\Autoloader.php(219): CodeIgniter\Autoloader\Autoloader->loadInNamespace('App\\Controllers...')
#3 [internal function]: CodeIgniter\Autoloader\Autoloader->loadClass('App\\Controllers...')
#4 C:\xampp\htdocs\ApiRestCodeIgniter\system\CodeIgniter.php(790): class_exists('\\App\\Controller...', true)
#5 C:\xampp\htdocs\ApiRestCodeIgniter\system\CodeIgniter.php(399): CodeIgniter\CodeIgniter->startController()
#6 C:\xampp\htdocs\ApiRestCodeIgniter\system\CodeIgniter.php(320): CodeIgniter\CodeIgniter->handleRequest(NULL, Object(Config\Cache), false)
#7 C:\xampp\htdocs\ApiRestCodeIgniter\public\index.php(37): CodeIgniter\CodeIgniter->run()
#8 C:\xampp\htdocs\ApiRestCodeIgniter\system\Commands\Server\rewrite.php(43): require_once('C:\\xampp\\htdocs...')
#9 {main}
CRITICAL - 2022-02-21 19:32:46 --> Class "App\Controllers\API\ResourceContoller" not found
#0 C:\xampp\htdocs\ApiRestCodeIgniter\system\Autoloader\Autoloader.php(264): include_once()
#1 C:\xampp\htdocs\ApiRestCodeIgniter\system\Autoloader\Autoloader.php(241): CodeIgniter\Autoloader\Autoloader->includeFile('C:\\xampp\\htdocs...')
#2 C:\xampp\htdocs\ApiRestCodeIgniter\system\Autoloader\Autoloader.php(219): CodeIgniter\Autoloader\Autoloader->loadInNamespace('App\\Controllers...')
#3 [internal function]: CodeIgniter\Autoloader\Autoloader->loadClass('App\\Controllers...')
#4 C:\xampp\htdocs\ApiRestCodeIgniter\system\CodeIgniter.php(790): class_exists('\\App\\Controller...', true)
#5 C:\xampp\htdocs\ApiRestCodeIgniter\system\CodeIgniter.php(399): CodeIgniter\CodeIgniter->startController()
#6 C:\xampp\htdocs\ApiRestCodeIgniter\system\CodeIgniter.php(320): CodeIgniter\CodeIgniter->handleRequest(NULL, Object(Config\Cache), false)
#7 C:\xampp\htdocs\ApiRestCodeIgniter\public\index.php(37): CodeIgniter\CodeIgniter->run()
#8 C:\xampp\htdocs\ApiRestCodeIgniter\system\Commands\Server\rewrite.php(43): require_once('C:\\xampp\\htdocs...')
#9 {main}
CRITICAL - 2022-02-21 19:32:48 --> Class "App\Controllers\API\ResourceContoller" not found
#0 C:\xampp\htdocs\ApiRestCodeIgniter\system\Autoloader\Autoloader.php(264): include_once()
#1 C:\xampp\htdocs\ApiRestCodeIgniter\system\Autoloader\Autoloader.php(241): CodeIgniter\Autoloader\Autoloader->includeFile('C:\\xampp\\htdocs...')
#2 C:\xampp\htdocs\ApiRestCodeIgniter\system\Autoloader\Autoloader.php(219): CodeIgniter\Autoloader\Autoloader->loadInNamespace('App\\Controllers...')
#3 [internal function]: CodeIgniter\Autoloader\Autoloader->loadClass('App\\Controllers...')
#4 C:\xampp\htdocs\ApiRestCodeIgniter\system\CodeIgniter.php(790): class_exists('\\App\\Controller...', true)
#5 C:\xampp\htdocs\ApiRestCodeIgniter\system\CodeIgniter.php(399): CodeIgniter\CodeIgniter->startController()
#6 C:\xampp\htdocs\ApiRestCodeIgniter\system\CodeIgniter.php(320): CodeIgniter\CodeIgniter->handleRequest(NULL, Object(Config\Cache), false)
#7 C:\xampp\htdocs\ApiRestCodeIgniter\public\index.php(37): CodeIgniter\CodeIgniter->run()
#8 C:\xampp\htdocs\ApiRestCodeIgniter\system\Commands\Server\rewrite.php(43): require_once('C:\\xampp\\htdocs...')
#9 {main}
CRITICAL - 2022-02-21 19:32:50 --> Class "App\Controllers\API\ResourceContoller" not found
#0 C:\xampp\htdocs\ApiRestCodeIgniter\system\Autoloader\Autoloader.php(264): include_once()
#1 C:\xampp\htdocs\ApiRestCodeIgniter\system\Autoloader\Autoloader.php(241): CodeIgniter\Autoloader\Autoloader->includeFile('C:\\xampp\\htdocs...')
#2 C:\xampp\htdocs\ApiRestCodeIgniter\system\Autoloader\Autoloader.php(219): CodeIgniter\Autoloader\Autoloader->loadInNamespace('App\\Controllers...')
#3 [internal function]: CodeIgniter\Autoloader\Autoloader->loadClass('App\\Controllers...')
#4 C:\xampp\htdocs\ApiRestCodeIgniter\system\CodeIgniter.php(790): class_exists('\\App\\Controller...', true)
#5 C:\xampp\htdocs\ApiRestCodeIgniter\system\CodeIgniter.php(399): CodeIgniter\CodeIgniter->startController()
#6 C:\xampp\htdocs\ApiRestCodeIgniter\system\CodeIgniter.php(320): CodeIgniter\CodeIgniter->handleRequest(NULL, Object(Config\Cache), false)
#7 C:\xampp\htdocs\ApiRestCodeIgniter\public\index.php(37): CodeIgniter\CodeIgniter->run()
#8 C:\xampp\htdocs\ApiRestCodeIgniter\system\Commands\Server\rewrite.php(43): require_once('C:\\xampp\\htdocs...')
#9 {main}
CRITICAL - 2022-02-21 19:33:55 --> Class "App\Controllers\API\ResourceContoller" not found
#0 C:\xampp\htdocs\ApiRestCodeIgniter\system\Autoloader\Autoloader.php(264): include_once()
#1 C:\xampp\htdocs\ApiRestCodeIgniter\system\Autoloader\Autoloader.php(241): CodeIgniter\Autoloader\Autoloader->includeFile('C:\\xampp\\htdocs...')
#2 C:\xampp\htdocs\ApiRestCodeIgniter\system\Autoloader\Autoloader.php(219): CodeIgniter\Autoloader\Autoloader->loadInNamespace('App\\Controllers...')
#3 [internal function]: CodeIgniter\Autoloader\Autoloader->loadClass('App\\Controllers...')
#4 C:\xampp\htdocs\ApiRestCodeIgniter\system\CodeIgniter.php(790): class_exists('\\App\\Controller...', true)
#5 C:\xampp\htdocs\ApiRestCodeIgniter\system\CodeIgniter.php(399): CodeIgniter\CodeIgniter->startController()
#6 C:\xampp\htdocs\ApiRestCodeIgniter\system\CodeIgniter.php(320): CodeIgniter\CodeIgniter->handleRequest(NULL, Object(Config\Cache), false)
#7 C:\xampp\htdocs\ApiRestCodeIgniter\public\index.php(37): CodeIgniter\CodeIgniter->run()
#8 C:\xampp\htdocs\ApiRestCodeIgniter\system\Commands\Server\rewrite.php(43): require_once('C:\\xampp\\htdocs...')
#9 {main}
CRITICAL - 2022-02-21 19:33:57 --> Class "App\Controllers\API\ResourceContoller" not found
#0 C:\xampp\htdocs\ApiRestCodeIgniter\system\Autoloader\Autoloader.php(264): include_once()
#1 C:\xampp\htdocs\ApiRestCodeIgniter\system\Autoloader\Autoloader.php(241): CodeIgniter\Autoloader\Autoloader->includeFile('C:\\xampp\\htdocs...')
#2 C:\xampp\htdocs\ApiRestCodeIgniter\system\Autoloader\Autoloader.php(219): CodeIgniter\Autoloader\Autoloader->loadInNamespace('App\\Controllers...')
#3 [internal function]: CodeIgniter\Autoloader\Autoloader->loadClass('App\\Controllers...')
#4 C:\xampp\htdocs\ApiRestCodeIgniter\system\CodeIgniter.php(790): class_exists('\\App\\Controller...', true)
#5 C:\xampp\htdocs\ApiRestCodeIgniter\system\CodeIgniter.php(399): CodeIgniter\CodeIgniter->startController()
#6 C:\xampp\htdocs\ApiRestCodeIgniter\system\CodeIgniter.php(320): CodeIgniter\CodeIgniter->handleRequest(NULL, Object(Config\Cache), false)
#7 C:\xampp\htdocs\ApiRestCodeIgniter\public\index.php(37): CodeIgniter\CodeIgniter->run()
#8 C:\xampp\htdocs\ApiRestCodeIgniter\system\Commands\Server\rewrite.php(43): require_once('C:\\xampp\\htdocs...')
#9 {main}
CRITICAL - 2022-02-21 19:34:08 --> Class "App\Controllers\API\ResourceContoller" not found
#0 C:\xampp\htdocs\ApiRestCodeIgniter\system\Autoloader\Autoloader.php(264): include_once()
#1 C:\xampp\htdocs\ApiRestCodeIgniter\system\Autoloader\Autoloader.php(241): CodeIgniter\Autoloader\Autoloader->includeFile('C:\\xampp\\htdocs...')
#2 C:\xampp\htdocs\ApiRestCodeIgniter\system\Autoloader\Autoloader.php(219): CodeIgniter\Autoloader\Autoloader->loadInNamespace('App\\Controllers...')
#3 [internal function]: CodeIgniter\Autoloader\Autoloader->loadClass('App\\Controllers...')
#4 C:\xampp\htdocs\ApiRestCodeIgniter\system\CodeIgniter.php(790): class_exists('\\App\\Controller...', true)
#5 C:\xampp\htdocs\ApiRestCodeIgniter\system\CodeIgniter.php(399): CodeIgniter\CodeIgniter->startController()
#6 C:\xampp\htdocs\ApiRestCodeIgniter\system\CodeIgniter.php(320): CodeIgniter\CodeIgniter->handleRequest(NULL, Object(Config\Cache), false)
#7 C:\xampp\htdocs\ApiRestCodeIgniter\public\index.php(37): CodeIgniter\CodeIgniter->run()
#8 C:\xampp\htdocs\ApiRestCodeIgniter\system\Commands\Server\rewrite.php(43): require_once('C:\\xampp\\htdocs...')
#9 {main}
CRITICAL - 2022-02-21 19:35:47 --> Class "App\Controllers\API\ResourceContoller" not found
#0 C:\xampp\htdocs\ApiRestCodeIgniter\system\Autoloader\Autoloader.php(264): include_once()
#1 C:\xampp\htdocs\ApiRestCodeIgniter\system\Autoloader\Autoloader.php(241): CodeIgniter\Autoloader\Autoloader->includeFile('C:\\xampp\\htdocs...')
#2 C:\xampp\htdocs\ApiRestCodeIgniter\system\Autoloader\Autoloader.php(219): CodeIgniter\Autoloader\Autoloader->loadInNamespace('App\\Controllers...')
#3 [internal function]: CodeIgniter\Autoloader\Autoloader->loadClass('App\\Controllers...')
#4 C:\xampp\htdocs\ApiRestCodeIgniter\system\CodeIgniter.php(790): class_exists('\\App\\Controller...', true)
#5 C:\xampp\htdocs\ApiRestCodeIgniter\system\CodeIgniter.php(399): CodeIgniter\CodeIgniter->startController()
#6 C:\xampp\htdocs\ApiRestCodeIgniter\system\CodeIgniter.php(320): CodeIgniter\CodeIgniter->handleRequest(NULL, Object(Config\Cache), false)
#7 C:\xampp\htdocs\ApiRestCodeIgniter\public\index.php(37): CodeIgniter\CodeIgniter->run()
#8 C:\xampp\htdocs\ApiRestCodeIgniter\system\Commands\Server\rewrite.php(43): require_once('C:\\xampp\\htdocs...')
#9 {main}
CRITICAL - 2022-02-21 19:37:28 --> Class "App\Controllers\API\ResourceContoller" not found
#0 C:\xampp\htdocs\ApiRestCodeIgniter\system\Autoloader\Autoloader.php(264): include_once()
#1 C:\xampp\htdocs\ApiRestCodeIgniter\system\Autoloader\Autoloader.php(241): CodeIgniter\Autoloader\Autoloader->includeFile('C:\\xampp\\htdocs...')
#2 C:\xampp\htdocs\ApiRestCodeIgniter\system\Autoloader\Autoloader.php(219): CodeIgniter\Autoloader\Autoloader->loadInNamespace('App\\Controllers...')
#3 [internal function]: CodeIgniter\Autoloader\Autoloader->loadClass('App\\Controllers...')
#4 C:\xampp\htdocs\ApiRestCodeIgniter\system\CodeIgniter.php(790): class_exists('\\App\\Controller...', true)
#5 C:\xampp\htdocs\ApiRestCodeIgniter\system\CodeIgniter.php(399): CodeIgniter\CodeIgniter->startController()
#6 C:\xampp\htdocs\ApiRestCodeIgniter\system\CodeIgniter.php(320): CodeIgniter\CodeIgniter->handleRequest(NULL, Object(Config\Cache), false)
#7 C:\xampp\htdocs\ApiRestCodeIgniter\public\index.php(37): CodeIgniter\CodeIgniter->run()
#8 C:\xampp\htdocs\ApiRestCodeIgniter\system\Commands\Server\rewrite.php(43): require_once('C:\\xampp\\htdocs...')
#9 {main}
CRITICAL - 2022-02-21 19:37:40 --> Class "App\Controllers\API\ResourceContoller" not found
#0 C:\xampp\htdocs\ApiRestCodeIgniter\system\Autoloader\Autoloader.php(264): include_once()
#1 C:\xampp\htdocs\ApiRestCodeIgniter\system\Autoloader\Autoloader.php(241): CodeIgniter\Autoloader\Autoloader->includeFile('C:\\xampp\\htdocs...')
#2 C:\xampp\htdocs\ApiRestCodeIgniter\system\Autoloader\Autoloader.php(219): CodeIgniter\Autoloader\Autoloader->loadInNamespace('App\\Controllers...')
#3 [internal function]: CodeIgniter\Autoloader\Autoloader->loadClass('App\\Controllers...')
#4 C:\xampp\htdocs\ApiRestCodeIgniter\system\CodeIgniter.php(790): class_exists('\\App\\Controller...', true)
#5 C:\xampp\htdocs\ApiRestCodeIgniter\system\CodeIgniter.php(399): CodeIgniter\CodeIgniter->startController()
#6 C:\xampp\htdocs\ApiRestCodeIgniter\system\CodeIgniter.php(320): CodeIgniter\CodeIgniter->handleRequest(NULL, Object(Config\Cache), false)
#7 C:\xampp\htdocs\ApiRestCodeIgniter\public\index.php(37): CodeIgniter\CodeIgniter->run()
#8 C:\xampp\htdocs\ApiRestCodeIgniter\system\Commands\Server\rewrite.php(43): require_once('C:\\xampp\\htdocs...')
#9 {main}
